<?xml version="1.0" encoding="UTF-8"?>
<testng-results ignored="0" total="3" passed="3" failed="0" skipped="0">
  <reporter-output>
  </reporter-output>
  <suite started-at="2024-07-08T12:15:53 IST" name="Default suite" finished-at="2024-07-08T12:17:10 IST" duration-ms="77363">
    <groups>
    </groups>
    <test started-at="2024-07-08T12:15:53 IST" name="Default test" finished-at="2024-07-08T12:17:10 IST" duration-ms="77363">
      <class name="test.MalathyTest">
        <test-method is-config="true" signature="set()[pri:0, instance:test.MalathyTest@4135c3b]" started-at="2024-07-08T12:15:53 IST" name="set" finished-at="2024-07-08T12:15:57 IST" duration-ms="4060" status="PASS">
          <reporter-output>
          </reporter-output>
        </test-method> <!-- set -->
        <test-method is-config="true" signature="get()[pri:0, instance:test.MalathyTest@4135c3b]" started-at="2024-07-08T12:15:57 IST" name="get" finished-at="2024-07-08T12:16:05 IST" duration-ms="8108" status="PASS">
          <reporter-output>
          </reporter-output>
        </test-method> <!-- get -->
        <test-method signature="test()[pri:0, instance:test.MalathyTest@4135c3b]" started-at="2024-07-08T12:16:05 IST" name="test" finished-at="2024-07-08T12:17:00 IST" duration-ms="55008" status="PASS">
          <reporter-output>
          </reporter-output>
        </test-method> <!-- test -->
        <test-method is-config="true" signature="get()[pri:0, instance:test.MalathyTest@4135c3b]" started-at="2024-07-08T12:17:00 IST" name="get" finished-at="2024-07-08T12:17:01 IST" duration-ms="1053" status="PASS">
          <reporter-output>
          </reporter-output>
        </test-method> <!-- get -->
        <test-method signature="test2()[pri:0, instance:test.MalathyTest@4135c3b]" started-at="2024-07-08T12:17:01 IST" name="test2" finished-at="2024-07-08T12:17:02 IST" duration-ms="232" status="PASS">
          <reporter-output>
          </reporter-output>
        </test-method> <!-- test2 -->
        <test-method is-config="true" signature="get()[pri:0, instance:test.MalathyTest@4135c3b]" started-at="2024-07-08T12:17:02 IST" name="get" finished-at="2024-07-08T12:17:02 IST" duration-ms="745" status="PASS">
          <reporter-output>
          </reporter-output>
        </test-method> <!-- get -->
        <test-method signature="test3()[pri:0, instance:test.MalathyTest@4135c3b]" started-at="2024-07-08T12:17:02 IST" name="test3" finished-at="2024-07-08T12:17:10 IST" duration-ms="8103" status="PASS">
          <reporter-output>
          </reporter-output>
        </test-method> <!-- test3 -->
      </class> <!-- test.MalathyTest -->
    </test> <!-- Default test -->
  </suite> <!-- Default suite -->
</testng-results>
